#! /c/Source/iverilog-install/bin/vvp
:ivl_version "12.0 (devel)" "(s20150603-1110-g18392a46)";
:ivl_delay_selection "TYPICAL";
:vpi_time_precision - 12;
:vpi_module "E:\MINIRP~1\iverilog\lib\ivl\system.vpi";
:vpi_module "E:\MINIRP~1\iverilog\lib\ivl\vhdl_sys.vpi";
:vpi_module "E:\MINIRP~1\iverilog\lib\ivl\vhdl_textio.vpi";
:vpi_module "E:\MINIRP~1\iverilog\lib\ivl\v2005_math.vpi";
:vpi_module "E:\MINIRP~1\iverilog\lib\ivl\va_math.vpi";
S_00000000005dbbd0 .scope module, "half_adder_tb" "half_adder_tb" 2 2;
 .timescale -9 -12;
v00000000005d7bd0_0 .var "a", 0 0;
v00000000005d7c70_0 .var "b", 0 0;
v00000000005d7d10_0 .net "co", 0 0, L_00000000004cbff0;  1 drivers
v00000000005d7db0_0 .net "sum", 0 0, L_00000000004cbe90;  1 drivers
S_00000000005dbd60 .scope module, "ha1" "half_adder" 2 5, 3 1 0, S_00000000005dbbd0;
 .timescale 0 0;
    .port_info 0 /INPUT 1 "a";
    .port_info 1 /INPUT 1 "b";
    .port_info 2 /OUTPUT 1 "sum";
    .port_info 3 /OUTPUT 1 "co";
L_00000000004cbe90 .functor XOR 1, v00000000005d7bd0_0, v00000000005d7c70_0, C4<0>, C4<0>;
L_00000000004cbff0 .functor AND 1, v00000000005d7bd0_0, v00000000005d7c70_0, C4<1>, C4<1>;
v00000000004cd7d0_0 .net "a", 0 0, v00000000005d7bd0_0;  1 drivers
v00000000005d79f0_0 .net "b", 0 0, v00000000005d7c70_0;  1 drivers
v00000000005d7a90_0 .net "co", 0 0, L_00000000004cbff0;  alias, 1 drivers
v00000000005d7b30_0 .net "sum", 0 0, L_00000000004cbe90;  alias, 1 drivers
    .scope S_00000000005dbbd0;
T_0 ;
    %vpi_call 2 8 "$dumpfile", "ha.vcd" {0 0 0};
    %vpi_call 2 9 "$dumpvars", 32'sb00000000000000000000000000000001 {0 0 0};
    %end;
    .thread T_0;
    .scope S_00000000005dbbd0;
T_1 ;
    %pushi/vec4 0, 0, 2;
    %split/vec4 1;
    %store/vec4 v00000000005d7c70_0, 0, 1;
    %store/vec4 v00000000005d7bd0_0, 0, 1;
    %delay 5000, 0;
    %pushi/vec4 1, 0, 2;
    %split/vec4 1;
    %store/vec4 v00000000005d7c70_0, 0, 1;
    %store/vec4 v00000000005d7bd0_0, 0, 1;
    %delay 5000, 0;
    %pushi/vec4 2, 0, 2;
    %split/vec4 1;
    %store/vec4 v00000000005d7c70_0, 0, 1;
    %store/vec4 v00000000005d7bd0_0, 0, 1;
    %delay 5000, 0;
    %pushi/vec4 3, 0, 2;
    %split/vec4 1;
    %store/vec4 v00000000005d7c70_0, 0, 1;
    %store/vec4 v00000000005d7bd0_0, 0, 1;
    %end;
    .thread T_1;
    .scope S_00000000005dbbd0;
T_2 ;
    %vpi_call 2 19 "$monitor", "simtime=%0g, a=%b, b=%b, sum=%b, co=%b", $time, v00000000005d7bd0_0, v00000000005d7c70_0, v00000000005d7db0_0, v00000000005d7d10_0 {0 0 0};
    %end;
    .thread T_2;
# The file index is used to find the file name in the following table.
:file_names 4;
    "N/A";
    "<interactive>";
    ".\tb.v";
    ".\ha.v";
